2023/06/13 11:15:19 - mmengine - INFO - 
------------------------------------------------------------
System environment:
    sys.platform: win32
    Python: 3.8.12 (default, Oct 12 2021, 03:01:40) [MSC v.1916 64 bit (AMD64)]
    CUDA available: True
    numpy_random_seed: 1491017868
    GPU 0: NVIDIA GeForce RTX 2080 Ti
    CUDA_HOME: C:\Program Files\NVIDIA GPU Computing Toolkit\CUDA\v11.1
    NVCC: Cuda compilation tools, release 11.1, V11.1.74
    MSVC: 用于 x64 的 Microsoft (R) C/C++ 优化编译器 19.29.30143 版
    GCC: n/a
    PyTorch: 1.9.1+cu111
    PyTorch compiling details: PyTorch built with:
  - C++ Version: 199711
  - MSVC 192829337
  - Intel(R) Math Kernel Library Version 2020.0.2 Product Build 20200624 for Intel(R) 64 architecture applications
  - Intel(R) MKL-DNN v2.1.2 (Git Hash 98be7e8afa711dc9b66c8ff3504129cb82013cdb)
  - OpenMP 2019
  - CPU capability usage: AVX2
  - CUDA Runtime 11.1
  - NVCC architecture flags: -gencode;arch=compute_37,code=sm_37;-gencode;arch=compute_50,code=sm_50;-gencode;arch=compute_60,code=sm_60;-gencode;arch=compute_61,code=sm_61;-gencode;arch=compute_70,code=sm_70;-gencode;arch=compute_75,code=sm_75;-gencode;arch=compute_80,code=sm_80;-gencode;arch=compute_86,code=sm_86;-gencode;arch=compute_37,code=compute_37
  - CuDNN 8.0.5
  - Magma 2.5.4
  - Build settings: BLAS_INFO=mkl, BUILD_TYPE=Release, CUDA_VERSION=11.1, CUDNN_VERSION=8.0.5, CXX_COMPILER=C:/w/b/windows/tmp_bin/sccache-cl.exe, CXX_FLAGS=/DWIN32 /D_WINDOWS /GR /EHsc /w /bigobj -DUSE_PTHREADPOOL -openmp:experimental -IC:/w/b/windows/mkl/include -DNDEBUG -DUSE_KINETO -DLIBKINETO_NOCUPTI -DUSE_FBGEMM -DUSE_XNNPACK -DSYMBOLICATE_MOBILE_DEBUG_HANDLE, LAPACK_INFO=mkl, PERF_WITH_AVX=1, PERF_WITH_AVX2=1, PERF_WITH_AVX512=1, TORCH_VERSION=1.9.1, USE_CUDA=ON, USE_CUDNN=ON, USE_EXCEPTION_PTR=1, USE_GFLAGS=OFF, USE_GLOG=OFF, USE_MKL=ON, USE_MKLDNN=ON, USE_MPI=OFF, USE_NCCL=OFF, USE_NNPACK=OFF, USE_OPENMP=ON, 

    TorchVision: 0.10.1+cu111
    OpenCV: 4.7.0
    MMEngine: 0.7.1

Runtime environment:
    cudnn_benchmark: False
    mp_cfg: {'mp_start_method': 'fork', 'opencv_num_threads': 0}
    dist_cfg: {'backend': 'nccl'}
    seed: None
    Distributed launcher: none
    Distributed training: False
    GPU number: 1
------------------------------------------------------------

2023/06/13 11:15:20 - mmengine - INFO - Config:
default_scope = 'mmdet'
default_hooks = dict(
    timer=dict(type='IterTimerHook'),
    logger=dict(type='LoggerHook', interval=5),
    param_scheduler=dict(type='ParamSchedulerHook'),
    checkpoint=dict(
        type='CheckpointHook', interval=10, max_keep_ckpts=2,
        save_best='auto'),
    sampler_seed=dict(type='DistSamplerSeedHook'),
    visualization=dict(
        type='DetVisualizationHook',
        draw=True,
        test_out_dir=
        'D:/DeepNetwork/openmmlab-Camp-master/03-mmdetection-task/mmdetection/outputs/drink_datset'
    ))
env_cfg = dict(
    cudnn_benchmark=False,
    mp_cfg=dict(mp_start_method='fork', opencv_num_threads=0),
    dist_cfg=dict(backend='nccl'))
vis_backends = [dict(type='LocalVisBackend')]
visualizer = dict(
    type='DetLocalVisualizer',
    vis_backends=[dict(type='LocalVisBackend')],
    name='visualizer')
log_processor = dict(type='LogProcessor', window_size=50, by_epoch=True)
log_level = 'INFO'
load_from = 'work_dirs/drink_rtmdet/best_coco/bbox_mAP_epoch_40.pth'
resume = False
train_cfg = dict(
    type='EpochBasedTrainLoop',
    max_epochs=40,
    val_interval=10,
    dynamic_intervals=[(280, 1)])
val_cfg = dict(type='ValLoop')
test_cfg = dict(type='TestLoop')
param_scheduler = [
    dict(type='LinearLR', start_factor=1e-05, by_epoch=False, begin=0, end=30),
    dict(
        type='CosineAnnealingLR',
        eta_min=9.375000000000001e-06,
        begin=20,
        end=40,
        T_max=20,
        by_epoch=True,
        convert_to_iter_based=True)
]
optim_wrapper = dict(
    type='OptimWrapper',
    optimizer=dict(type='AdamW', lr=0.0001875, weight_decay=0.05),
    paramwise_cfg=dict(
        norm_decay_mult=0, bias_decay_mult=0, bypass_duplicate=True))
auto_scale_lr = dict(enable=False, base_batch_size=16)
dataset_type = 'CocoDataset'
data_root = 'drink_dataset/'
backend_args = None
train_pipeline = [
    dict(type='LoadImageFromFile', backend_args=None),
    dict(type='LoadAnnotations', with_bbox=True),
    dict(
        type='CachedMosaic',
        img_scale=(640, 640),
        pad_val=114.0,
        max_cached_images=20,
        random_pop=False),
    dict(
        type='RandomResize',
        scale=(1280, 1280),
        ratio_range=(0.5, 2.0),
        keep_ratio=True),
    dict(type='RandomCrop', crop_size=(640, 640)),
    dict(type='YOLOXHSVRandomAug'),
    dict(type='RandomFlip', prob=0.5),
    dict(type='Pad', size=(640, 640), pad_val=dict(img=(114, 114, 114))),
    dict(
        type='CachedMixUp',
        img_scale=(640, 640),
        ratio_range=(1.0, 1.0),
        max_cached_images=10,
        random_pop=False,
        pad_val=(114, 114, 114),
        prob=0.5),
    dict(type='PackDetInputs')
]
test_pipeline = [
    dict(type='LoadImageFromFile', backend_args=None),
    dict(type='Resize', scale=(640, 640), keep_ratio=True),
    dict(type='Pad', size=(640, 640), pad_val=dict(img=(114, 114, 114))),
    dict(type='LoadAnnotations', with_bbox=True),
    dict(
        type='PackDetInputs',
        meta_keys=('img_id', 'img_path', 'ori_shape', 'img_shape',
                   'scale_factor'))
]
train_dataloader = dict(
    batch_size=12,
    num_workers=8,
    persistent_workers=True,
    sampler=dict(type='DefaultSampler', shuffle=True),
    batch_sampler=None,
    dataset=dict(
        type='CocoDataset',
        data_root='drink_dataset/',
        ann_file='train_coco.json',
        data_prefix=dict(img='images/'),
        filter_cfg=dict(filter_empty_gt=True, min_size=32),
        pipeline=[
            dict(type='LoadImageFromFile', backend_args=None),
            dict(type='LoadAnnotations', with_bbox=True),
            dict(
                type='CachedMosaic',
                img_scale=(640, 640),
                pad_val=114.0,
                max_cached_images=20,
                random_pop=False),
            dict(
                type='RandomResize',
                scale=(1280, 1280),
                ratio_range=(0.5, 2.0),
                keep_ratio=True),
            dict(type='RandomCrop', crop_size=(640, 640)),
            dict(type='YOLOXHSVRandomAug'),
            dict(type='RandomFlip', prob=0.5),
            dict(
                type='Pad', size=(640, 640),
                pad_val=dict(img=(114, 114, 114))),
            dict(
                type='CachedMixUp',
                img_scale=(640, 640),
                ratio_range=(1.0, 1.0),
                max_cached_images=10,
                random_pop=False,
                pad_val=(114, 114, 114),
                prob=0.5),
            dict(type='PackDetInputs')
        ],
        backend_args=None,
        metainfo=dict(
            classes=('cola', 'pepsi', 'sprite', 'fanta', 'spring', 'ice',
                     'scream', 'milk', 'red', 'king'),
            palette=[(220, 20, 60), (119, 11, 32), (0, 0, 142), (0, 0, 230),
                     (106, 0, 228), (0, 60, 100), (0, 80, 100), (0, 0, 70),
                     (0, 0, 192), (250, 170, 30)])),
    pin_memory=False)
val_dataloader = dict(
    batch_size=1,
    num_workers=8,
    persistent_workers=True,
    drop_last=False,
    sampler=dict(type='DefaultSampler', shuffle=False),
    dataset=dict(
        type='CocoDataset',
        data_root='drink_dataset/',
        ann_file='val_coco.json',
        data_prefix=dict(img='images/'),
        test_mode=True,
        pipeline=[
            dict(type='LoadImageFromFile', backend_args=None),
            dict(type='Resize', scale=(640, 640), keep_ratio=True),
            dict(
                type='Pad', size=(640, 640),
                pad_val=dict(img=(114, 114, 114))),
            dict(type='LoadAnnotations', with_bbox=True),
            dict(
                type='PackDetInputs',
                meta_keys=('img_id', 'img_path', 'ori_shape', 'img_shape',
                           'scale_factor'))
        ],
        backend_args=None,
        metainfo=dict(
            classes=('cola', 'pepsi', 'sprite', 'fanta', 'spring', 'ice',
                     'scream', 'milk', 'red', 'king'),
            palette=[(220, 20, 60), (119, 11, 32), (0, 0, 142), (0, 0, 230),
                     (106, 0, 228), (0, 60, 100), (0, 80, 100), (0, 0, 70),
                     (0, 0, 192), (250, 170, 30)])))
test_dataloader = dict(
    batch_size=1,
    num_workers=8,
    persistent_workers=True,
    drop_last=False,
    sampler=dict(type='DefaultSampler', shuffle=False),
    dataset=dict(
        type='CocoDataset',
        data_root='drink_dataset/',
        ann_file='val_coco.json',
        data_prefix=dict(img='images/'),
        test_mode=True,
        pipeline=[
            dict(type='LoadImageFromFile', backend_args=None),
            dict(type='Resize', scale=(640, 640), keep_ratio=True),
            dict(
                type='Pad', size=(640, 640),
                pad_val=dict(img=(114, 114, 114))),
            dict(type='LoadAnnotations', with_bbox=True),
            dict(
                type='PackDetInputs',
                meta_keys=('img_id', 'img_path', 'ori_shape', 'img_shape',
                           'scale_factor'))
        ],
        backend_args=None,
        metainfo=dict(
            classes=('cola', 'pepsi', 'sprite', 'fanta', 'spring', 'ice',
                     'scream', 'milk', 'red', 'king'),
            palette=[(220, 20, 60), (119, 11, 32), (0, 0, 142), (0, 0, 230),
                     (106, 0, 228), (0, 60, 100), (0, 80, 100), (0, 0, 70),
                     (0, 0, 192), (250, 170, 30)])))
val_evaluator = dict(
    type='CocoMetric',
    ann_file='drink_dataset/val_coco.json',
    metric='bbox',
    format_only=False,
    backend_args=None,
    proposal_nums=(100, 1, 10))
test_evaluator = dict(
    type='CocoMetric',
    ann_file='drink_dataset/val_coco.json',
    metric='bbox',
    format_only=False,
    backend_args=None,
    proposal_nums=(100, 1, 10))
tta_model = dict(
    type='DetTTAModel',
    tta_cfg=dict(nms=dict(type='nms', iou_threshold=0.6), max_per_img=100))
img_scales = [(640, 640), (320, 320), (960, 960)]
tta_pipeline = [
    dict(type='LoadImageFromFile', backend_args=None),
    dict(
        type='TestTimeAug',
        transforms=[[{
            'type': 'Resize',
            'scale': (640, 640),
            'keep_ratio': True
        }, {
            'type': 'Resize',
            'scale': (320, 320),
            'keep_ratio': True
        }, {
            'type': 'Resize',
            'scale': (960, 960),
            'keep_ratio': True
        }],
                    [{
                        'type': 'RandomFlip',
                        'prob': 1.0
                    }, {
                        'type': 'RandomFlip',
                        'prob': 0.0
                    }],
                    [{
                        'type': 'Pad',
                        'size': (960, 960),
                        'pad_val': {
                            'img': (114, 114, 114)
                        }
                    }], [{
                        'type': 'LoadAnnotations',
                        'with_bbox': True
                    }],
                    [{
                        'type':
                        'PackDetInputs',
                        'meta_keys':
                        ('img_id', 'img_path', 'ori_shape', 'img_shape',
                         'scale_factor', 'flip', 'flip_direction')
                    }]])
]
model = dict(
    type='RTMDet',
    data_preprocessor=dict(
        type='DetDataPreprocessor',
        mean=[103.53, 116.28, 123.675],
        std=[57.375, 57.12, 58.395],
        bgr_to_rgb=False,
        batch_augments=None),
    backbone=dict(
        type='CSPNeXt',
        arch='P5',
        expand_ratio=0.5,
        deepen_factor=0.167,
        widen_factor=0.375,
        channel_attention=True,
        norm_cfg=dict(type='SyncBN'),
        act_cfg=dict(type='SiLU', inplace=True),
        init_cfg=dict(
            type='Pretrained',
            prefix='backbone.',
            checkpoint=
            'https://download.openmmlab.com/mmdetection/v3.0/rtmdet/cspnext_rsb_pretrain/cspnext-tiny_imagenet_600e.pth'
        ),
        frozen_stages=4),
    neck=dict(
        type='CSPNeXtPAFPN',
        in_channels=[96, 192, 384],
        out_channels=96,
        num_csp_blocks=1,
        expand_ratio=0.5,
        norm_cfg=dict(type='SyncBN'),
        act_cfg=dict(type='SiLU', inplace=True)),
    bbox_head=dict(
        type='RTMDetSepBNHead',
        num_classes=10,
        in_channels=96,
        stacked_convs=2,
        feat_channels=96,
        anchor_generator=dict(
            type='MlvlPointGenerator', offset=0, strides=[8, 16, 32]),
        bbox_coder=dict(type='DistancePointBBoxCoder'),
        loss_cls=dict(
            type='QualityFocalLoss',
            use_sigmoid=True,
            beta=2.0,
            loss_weight=1.0),
        loss_bbox=dict(type='GIoULoss', loss_weight=2.0),
        with_objectness=False,
        exp_on_reg=False,
        share_conv=True,
        pred_kernel_size=1,
        norm_cfg=dict(type='SyncBN'),
        act_cfg=dict(type='SiLU', inplace=True)),
    train_cfg=dict(
        assigner=dict(type='DynamicSoftLabelAssigner', topk=13),
        allowed_border=-1,
        pos_weight=-1,
        debug=False),
    test_cfg=dict(
        nms_pre=30000,
        min_bbox_size=0,
        score_thr=0.001,
        nms=dict(type='nms', iou_threshold=0.65),
        max_per_img=300))
train_pipeline_stage2 = [
    dict(type='LoadImageFromFile', backend_args=None),
    dict(type='LoadAnnotations', with_bbox=True),
    dict(
        type='RandomResize',
        scale=(640, 640),
        ratio_range=(0.5, 2.0),
        keep_ratio=True),
    dict(type='RandomCrop', crop_size=(640, 640)),
    dict(type='YOLOXHSVRandomAug'),
    dict(type='RandomFlip', prob=0.5),
    dict(type='Pad', size=(640, 640), pad_val=dict(img=(114, 114, 114))),
    dict(type='PackDetInputs')
]
max_epochs = 40
stage2_num_epochs = 20
base_lr = 0.0001875
interval = 10
custom_hooks = [
    dict(
        type='EMAHook',
        ema_type='ExpMomentumEMA',
        momentum=0.0002,
        update_buffers=True,
        priority=49),
    dict(
        type='PipelineSwitchHook',
        switch_epoch=35,
        switch_pipeline=[
            dict(type='LoadImageFromFile', backend_args=None),
            dict(type='LoadAnnotations', with_bbox=True),
            dict(
                type='RandomResize',
                scale=(640, 640),
                ratio_range=(0.5, 2.0),
                keep_ratio=True),
            dict(type='RandomCrop', crop_size=(640, 640)),
            dict(type='YOLOXHSVRandomAug'),
            dict(type='RandomFlip', prob=0.5),
            dict(
                type='Pad', size=(640, 640),
                pad_val=dict(img=(114, 114, 114))),
            dict(type='PackDetInputs')
        ])
]
checkpoint = 'https://download.openmmlab.com/mmdetection/v3.0/rtmdet/cspnext_rsb_pretrain/cspnext-tiny_imagenet_600e.pth'
metainfo = dict(
    classes=('cola', 'pepsi', 'sprite', 'fanta', 'spring', 'ice', 'scream',
             'milk', 'red', 'king'),
    palette=[(220, 20, 60), (119, 11, 32), (0, 0, 142), (0, 0, 230),
             (106, 0, 228), (0, 60, 100), (0, 80, 100), (0, 0, 70),
             (0, 0, 192), (250, 170, 30)])
num_classes = 10
train_batch_size_per_gpu = 12
train_num_workers = 8
val_batch_size_per_gpu = 1
val_num_workers = 8
num_epochs_stage2 = 5
launcher = 'none'
work_dir = './work_dirs\\drink_rtmdet'

2023/06/13 11:15:24 - mmengine - INFO - Distributed training is not used, all SyncBatchNorm (SyncBN) layers in the model will be automatically reverted to BatchNormXd layers if they are used.
2023/06/13 11:15:24 - mmengine - INFO - Hooks will be executed in the following order:
before_run:
(VERY_HIGH   ) RuntimeInfoHook                    
(49          ) EMAHook                            
(BELOW_NORMAL) LoggerHook                         
 -------------------- 
after_load_checkpoint:
(49          ) EMAHook                            
 -------------------- 
before_train:
(VERY_HIGH   ) RuntimeInfoHook                    
(49          ) EMAHook                            
(NORMAL      ) IterTimerHook                      
(VERY_LOW    ) CheckpointHook                     
 -------------------- 
before_train_epoch:
(VERY_HIGH   ) RuntimeInfoHook                    
(NORMAL      ) IterTimerHook                      
(NORMAL      ) DistSamplerSeedHook                
(NORMAL      ) PipelineSwitchHook                 
 -------------------- 
before_train_iter:
(VERY_HIGH   ) RuntimeInfoHook                    
(NORMAL      ) IterTimerHook                      
 -------------------- 
after_train_iter:
(VERY_HIGH   ) RuntimeInfoHook                    
(49          ) EMAHook                            
(NORMAL      ) IterTimerHook                      
(BELOW_NORMAL) LoggerHook                         
(LOW         ) ParamSchedulerHook                 
(VERY_LOW    ) CheckpointHook                     
 -------------------- 
after_train_epoch:
(NORMAL      ) IterTimerHook                      
(LOW         ) ParamSchedulerHook                 
(VERY_LOW    ) CheckpointHook                     
 -------------------- 
before_val_epoch:
(49          ) EMAHook                            
(NORMAL      ) IterTimerHook                      
 -------------------- 
before_val_iter:
(NORMAL      ) IterTimerHook                      
 -------------------- 
after_val_iter:
(NORMAL      ) IterTimerHook                      
(NORMAL      ) DetVisualizationHook               
(BELOW_NORMAL) LoggerHook                         
 -------------------- 
after_val_epoch:
(VERY_HIGH   ) RuntimeInfoHook                    
(49          ) EMAHook                            
(NORMAL      ) IterTimerHook                      
(BELOW_NORMAL) LoggerHook                         
(LOW         ) ParamSchedulerHook                 
(VERY_LOW    ) CheckpointHook                     
 -------------------- 
before_save_checkpoint:
(49          ) EMAHook                            
 -------------------- 
after_train:
(VERY_LOW    ) CheckpointHook                     
 -------------------- 
before_test_epoch:
(49          ) EMAHook                            
(NORMAL      ) IterTimerHook                      
 -------------------- 
before_test_iter:
(NORMAL      ) IterTimerHook                      
 -------------------- 
after_test_iter:
(NORMAL      ) IterTimerHook                      
(NORMAL      ) DetVisualizationHook               
(BELOW_NORMAL) LoggerHook                         
 -------------------- 
after_test_epoch:
(VERY_HIGH   ) RuntimeInfoHook                    
(49          ) EMAHook                            
(NORMAL      ) IterTimerHook                      
(BELOW_NORMAL) LoggerHook                         
 -------------------- 
after_run:
(BELOW_NORMAL) LoggerHook                         
 -------------------- 
2023/06/13 11:15:28 - mmengine - INFO - Load checkpoint from work_dirs/drink_rtmdet/best_coco/bbox_mAP_epoch_40.pth
2023/06/13 11:16:07 - mmengine - INFO - Epoch(test) [ 5/56]    eta: 0:06:08  time: 7.2338  data_time: 6.8572  memory: 81  
2023/06/13 11:16:22 - mmengine - INFO - Epoch(test) [10/56]    eta: 0:03:55  time: 5.1092  data_time: 4.8621  memory: 81  
2023/06/13 11:16:37 - mmengine - INFO - Epoch(test) [15/56]    eta: 0:03:00  time: 4.4120  data_time: 4.1930  memory: 81  
2023/06/13 11:16:52 - mmengine - INFO - Epoch(test) [20/56]    eta: 0:02:25  time: 4.0491  data_time: 3.8484  memory: 81  
2023/06/13 11:17:06 - mmengine - INFO - Epoch(test) [25/56]    eta: 0:01:57  time: 3.7815  data_time: 3.5967  memory: 81  
2023/06/13 11:17:22 - mmengine - INFO - Epoch(test) [30/56]    eta: 0:01:36  time: 3.7053  data_time: 3.5239  memory: 81  
2023/06/13 11:17:37 - mmengine - INFO - Epoch(test) [35/56]    eta: 0:01:15  time: 3.6129  data_time: 3.4442  memory: 81  
2023/06/13 11:17:51 - mmengine - INFO - Epoch(test) [40/56]    eta: 0:00:56  time: 3.5008  data_time: 3.3338  memory: 81  
2023/06/13 11:18:04 - mmengine - INFO - Epoch(test) [45/56]    eta: 0:00:37  time: 3.4036  data_time: 3.2457  memory: 81  
2023/06/13 11:18:19 - mmengine - INFO - Epoch(test) [50/56]    eta: 0:00:20  time: 3.3616  data_time: 3.2054  memory: 81  
2023/06/13 11:18:34 - mmengine - INFO - Epoch(test) [55/56]    eta: 0:00:03  time: 2.9424  data_time: 2.8131  memory: 81  
2023/06/13 11:18:38 - mmengine - INFO - Evaluating bbox...
2023/06/13 11:18:39 - mmengine - INFO - bbox_mAP_copypaste: 0.952 0.993 0.993 -1.000 -1.000 0.952
2023/06/13 11:18:39 - mmengine - INFO - Epoch(test) [56/56]  coco/bbox_mAP: 0.9520  coco/bbox_mAP_50: 0.9930  coco/bbox_mAP_75: 0.9930  coco/bbox_mAP_s: -1.0000  coco/bbox_mAP_m: -1.0000  coco/bbox_mAP_l: 0.9520  data_time: 2.8145  time: 2.9439
